<?xml version="1.0" encoding="UTF-8"?>
<!-- Generated by org.testng.reporters.JUnitReportReporter -->
<testsuite hostname="TARUN" failures="0" tests="4" name="com.contact.test.DisplayedLastViewedContact" time="40.322" errors="0" timestamp="2022-01-15T08:52:17 PST" skipped="0">
  <testcase classname="com.contact.test.DisplayedLastViewedContact" name="testnavApp" time="3.027"/>
  <system-out/>
  <testcase classname="com.contact.test.DisplayedLastViewedContact" name="testloginApp" time="11.119"/>
  <system-out/>
  <testcase classname="com.contact.test.DisplayedLastViewedContact" name="testclickonContact" time="25.836"/>
  <system-out/>
  <testcase classname="com.contact.test.DisplayedLastViewedContact" name="testchecklastallViewed" time="0.340"/>
  <system-out/>
</testsuite> <!-- com.contact.test.DisplayedLastViewedContact -->
