<?xml version="1.0" encoding="UTF-8"?>
<!-- Generated by org.testng.reporters.JUnitReportReporter -->
<testsuite hostname="TARUN" failures="0" tests="6" name="com.contact.test.DuplicateContact" time="63.120" errors="0" timestamp="2022-01-19T02:52:29 PST" skipped="0">
  <testcase classname="com.contact.test.DuplicateContact" name="testnavApp" time="3.621"/>
  <system-out/>
  <testcase classname="com.contact.test.DuplicateContact" name="testloginApp" time="6.962"/>
  <system-out/>
  <testcase classname="com.contact.test.DuplicateContact" name="testclickonContact" time="21.641"/>
  <system-out/>
  <testcase classname="com.contact.test.DuplicateContact" name="testselectContact" time="8.737"/>
  <system-out/>
  <testcase classname="com.contact.test.DuplicateContact" name="testselectDuplicate" time="15.944"/>
  <system-out/>
  <testcase classname="com.contact.test.DuplicateContact" name="testcheckContact" time="6.215"/>
  <system-out/>
</testsuite> <!-- com.contact.test.DuplicateContact -->
