<?xml version="1.0" encoding="UTF-8"?>
<!-- Generated by org.testng.reporters.JUnitReportReporter -->
<testsuite hostname="TARUN" failures="0" tests="2" name="com.contact.test.ContactTest" time="129.907" errors="0" timestamp="2022-01-21T20:59:26 PST" skipped="0">
  <testcase classname="com.contact.test.ContactTest" name="createContactTest" time="49.205"/>
  <system-out/>
  <testcase classname="com.contact.test.ContactTest" name="createcontactwithOrgTest" time="80.702"/>
  <system-out/>
</testsuite> <!-- com.contact.test.ContactTest -->
