<?xml version="1.0" encoding="UTF-8"?>
<!-- Generated by org.testng.reporters.JUnitReportReporter -->
<testsuite hostname="TARUN" failures="0" tests="2" name="practice.SampleHomePageTest" time="31.054" errors="0" timestamp="2022-01-21T23:31:13 PST" skipped="0">
  <testcase classname="practice.SampleHomePageTest" name="verifyHomePage" time="15.314"/>
  <system-out/>
  <testcase classname="practice.SampleHomePageTest" name="verifyHomePageLogo" time="15.740"/>
  <system-out/>
</testsuite> <!-- practice.SampleHomePageTest -->
