<?xml version="1.0" encoding="UTF-8"?>
<!-- Generated by org.testng.reporters.JUnitReportReporter -->
<testsuite hostname="TARUN" failures="0" tests="5" name="practice.BookTicket" time="0.032" errors="0" timestamp="2022-01-20T01:51:16 PST" skipped="0">
  <testcase classname="practice.BookTicket" name="bookTicketTest" time="0.005"/>
  <system-out/>
  <testcase classname="practice.BookTicket" name="bookTicketTest" time="0.003"/>
  <system-out/>
  <testcase classname="practice.BookTicket" name="bookTicketTest" time="0.003"/>
  <system-out/>
  <testcase classname="practice.BookTicket" name="bookTicketTest" time="0.005"/>
  <system-out/>
  <testcase classname="practice.BookTicket" name="bookTicketTest" time="0.016"/>
  <system-out/>
</testsuite> <!-- practice.BookTicket -->
