<?xml version="1.0" encoding="UTF-8"?>
<!-- Generated by org.testng.reporters.JUnitReportReporter -->
<testsuite hostname="TARUN" failures="0" tests="2" name="practice.SampleHomePageTest" time="19.542" errors="0" timestamp="01 Feb 2022 10:16:36 GMT" skipped="0">
  <testcase classname="practice.SampleHomePageTest" name="verifyHomePageLogo" time="9.253"/>
  <testcase classname="practice.SampleHomePageTest" name="verifyHomePage" time="10.289"/>
</testsuite> <!-- practice.SampleHomePageTest -->
