<?xml version="1.0" encoding="UTF-8"?>
<!-- Generated by org.testng.reporters.JUnitReportReporter -->
<testsuite hostname="TARUN" failures="0" tests="2" name="com.contact.test.ContactTest" time="142.399" errors="0" timestamp="01 Feb 2022 10:16:36 GMT" skipped="0">
  <testcase classname="com.contact.test.ContactTest" name="createcontactwithOrgTest" time="76.137"/>
  <testcase classname="com.contact.test.ContactTest" name="createContactTest" time="66.262"/>
</testsuite> <!-- com.contact.test.ContactTest -->
